<?xml version="1.0" encoding="UTF-8"?>
<!-- Generated by org.testng.reporters.JUnitXMLReporter -->
<testsuite ignored="0" hostname="Ieshanies-Surface3" failures="0" tests="5" name="Default test" time="10.828" errors="0" timestamp="2024-05-22T02:48:21 AEST">
  <testcase classname="com.sportsbet.automationframework.testcases.HomePageTest" name="verifyHomePageTitle" time="0.015"/>
  <testcase classname="com.sportsbet.automationframework.testcases.HomePageTest" name="verifyRacingPage" time="0.134"/>
  <testcase classname="com.sportsbet.automationframework.testcases.HomePageTest" name="selectFirstCardUnderNextToJump" time="0.232"/>
  <testcase classname="com.sportsbet.automationframework.testcases.HomePageTest" name="selectTwoBetsTotheBetSlip" time="1.645"/>
  <testcase classname="com.sportsbet.automationframework.testcases.HomePageTest" name="verifyBetCountInBetSlip" time="0.357"/>
</testsuite> <!-- Default test -->
