<?xml version="1.0" encoding="UTF-8"?>
<!-- Generated by org.testng.reporters.JUnitXMLReporter -->
<testsuite ignored="0" hostname="Ieshanies-Surface3" failures="0" tests="5" name="Default test" time="10.439" errors="0" timestamp="2024-05-22T10:38:42 AEST">
  <testcase classname="com.sportsbet.automationframework.testcases.HomePageTest" name="verifyHomePageTitle" time="0.027"/>
  <testcase classname="com.sportsbet.automationframework.testcases.HomePageTest" name="verifyRacingPage" time="0.105"/>
  <testcase classname="com.sportsbet.automationframework.testcases.HomePageTest" name="selectFirstCardUnderNextToJump" time="0.269"/>
  <testcase classname="com.sportsbet.automationframework.testcases.HomePageTest" name="selectTwoBetsTotheBetSlip" time="1.083"/>
  <testcase classname="com.sportsbet.automationframework.testcases.HomePageTest" name="verifyBetCountInBetSlip" time="0.37"/>
</testsuite> <!-- Default test -->
