<?xml version="1.0" encoding="UTF-8"?>
<testng-results ignored="0" total="5" passed="5" failed="0" skipped="0">
  <reporter-output>
  </reporter-output>
  <suite started-at="2024-05-22T23:43:36 AEST" name="Sportsbet Automation Challenge " finished-at="2024-05-22T23:43:52 AEST" duration-ms="16251">
    <groups>
    </groups>
    <test started-at="2024-05-22T23:43:36 AEST" name="Sportsbet Automation Test Cases" finished-at="2024-05-22T23:43:52 AEST" duration-ms="16251">
      <class name="com.sportsbet.automationframework.testcases.HomePageTest">
        <test-method is-config="true" signature="setup()[pri:0, instance:com.sportsbet.automationframework.testcases.HomePageTest@8f4ea7c]" started-at="2024-05-22T23:43:36 AEST" name="setup" finished-at="2024-05-22T23:43:45 AEST" duration-ms="9631" status="PASS">
          <reporter-output>
          </reporter-output>
        </test-method> <!-- setup -->
        <test-method signature="verifyHomePageTitle()[pri:0, instance:com.sportsbet.automationframework.testcases.HomePageTest@8f4ea7c]" started-at="2024-05-22T23:43:46 AEST" name="verifyHomePageTitle" finished-at="2024-05-22T23:43:46 AEST" duration-ms="30" status="PASS">
          <reporter-output>
          </reporter-output>
        </test-method> <!-- verifyHomePageTitle -->
        <test-method is-config="true" signature="tearDown(org.testng.ITestResult)[pri:0, instance:com.sportsbet.automationframework.testcases.HomePageTest@8f4ea7c]" started-at="2024-05-22T23:43:46 AEST" name="tearDown" finished-at="2024-05-22T23:43:46 AEST" duration-ms="447" status="PASS">
          <params>
            <param index="0">
              <value>
                <![CDATA[[TestResult name=verifyHomePageTitle status=SUCCESS method=HomePageTest.verifyHomePageTitle()[pri:0, instance:com.sportsbet.automationframework.testcases.HomePageTest@8f4ea7c] output={null}]]]>
              </value>
            </param>
          </params>
          <reporter-output>
          </reporter-output>
        </test-method> <!-- tearDown -->
        <test-method signature="verifyRacingPage()[pri:2, instance:com.sportsbet.automationframework.testcases.HomePageTest@8f4ea7c]" started-at="2024-05-22T23:43:46 AEST" name="verifyRacingPage" finished-at="2024-05-22T23:43:46 AEST" duration-ms="142" status="PASS">
          <reporter-output>
          </reporter-output>
        </test-method> <!-- verifyRacingPage -->
        <test-method is-config="true" signature="tearDown(org.testng.ITestResult)[pri:0, instance:com.sportsbet.automationframework.testcases.HomePageTest@8f4ea7c]" started-at="2024-05-22T23:43:46 AEST" name="tearDown" finished-at="2024-05-22T23:43:46 AEST" duration-ms="22" status="PASS">
          <params>
            <param index="0">
              <value>
                <![CDATA[[TestResult name=verifyRacingPage status=SUCCESS method=HomePageTest.verifyRacingPage()[pri:2, instance:com.sportsbet.automationframework.testcases.HomePageTest@8f4ea7c] output={null}]]]>
              </value>
            </param>
          </params>
          <reporter-output>
          </reporter-output>
        </test-method> <!-- tearDown -->
        <test-method signature="selectFirstCardUnderNextToJump()[pri:3, instance:com.sportsbet.automationframework.testcases.HomePageTest@8f4ea7c]" started-at="2024-05-22T23:43:46 AEST" name="selectFirstCardUnderNextToJump" finished-at="2024-05-22T23:43:48 AEST" duration-ms="2064" status="PASS">
          <reporter-output>
          </reporter-output>
        </test-method> <!-- selectFirstCardUnderNextToJump -->
        <test-method is-config="true" signature="tearDown(org.testng.ITestResult)[pri:0, instance:com.sportsbet.automationframework.testcases.HomePageTest@8f4ea7c]" started-at="2024-05-22T23:43:48 AEST" name="tearDown" finished-at="2024-05-22T23:43:48 AEST" duration-ms="40" status="PASS">
          <params>
            <param index="0">
              <value>
                <![CDATA[[TestResult name=selectFirstCardUnderNextToJump status=SUCCESS method=HomePageTest.selectFirstCardUnderNextToJump()[pri:3, instance:com.sportsbet.automationframework.testcases.HomePageTest@8f4ea7c] output={null}]]]>
              </value>
            </param>
          </params>
          <reporter-output>
          </reporter-output>
        </test-method> <!-- tearDown -->
        <test-method signature="selectTwoBetsTotheBetSlip()[pri:4, instance:com.sportsbet.automationframework.testcases.HomePageTest@8f4ea7c]" started-at="2024-05-22T23:43:48 AEST" name="selectTwoBetsTotheBetSlip" finished-at="2024-05-22T23:43:51 AEST" duration-ms="3084" status="PASS">
          <reporter-output>
          </reporter-output>
        </test-method> <!-- selectTwoBetsTotheBetSlip -->
        <test-method is-config="true" signature="tearDown(org.testng.ITestResult)[pri:0, instance:com.sportsbet.automationframework.testcases.HomePageTest@8f4ea7c]" started-at="2024-05-22T23:43:51 AEST" name="tearDown" finished-at="2024-05-22T23:43:51 AEST" duration-ms="53" status="PASS">
          <params>
            <param index="0">
              <value>
                <![CDATA[[TestResult name=selectTwoBetsTotheBetSlip status=SUCCESS method=HomePageTest.selectTwoBetsTotheBetSlip()[pri:4, instance:com.sportsbet.automationframework.testcases.HomePageTest@8f4ea7c] output={null}]]]>
              </value>
            </param>
          </params>
          <reporter-output>
          </reporter-output>
        </test-method> <!-- tearDown -->
        <test-method signature="verifyBetCountInBetSlip()[pri:5, instance:com.sportsbet.automationframework.testcases.HomePageTest@8f4ea7c]" started-at="2024-05-22T23:43:51 AEST" name="verifyBetCountInBetSlip" finished-at="2024-05-22T23:43:52 AEST" duration-ms="343" status="PASS">
          <reporter-output>
          </reporter-output>
        </test-method> <!-- verifyBetCountInBetSlip -->
        <test-method is-config="true" signature="tearDown(org.testng.ITestResult)[pri:0, instance:com.sportsbet.automationframework.testcases.HomePageTest@8f4ea7c]" started-at="2024-05-22T23:43:52 AEST" name="tearDown" finished-at="2024-05-22T23:43:52 AEST" duration-ms="16" status="PASS">
          <params>
            <param index="0">
              <value>
                <![CDATA[[TestResult name=verifyBetCountInBetSlip status=SUCCESS method=HomePageTest.verifyBetCountInBetSlip()[pri:5, instance:com.sportsbet.automationframework.testcases.HomePageTest@8f4ea7c] output={null}]]]>
              </value>
            </param>
          </params>
          <reporter-output>
          </reporter-output>
        </test-method> <!-- tearDown -->
        <test-method is-config="true" signature="tearDown()[pri:0, instance:com.sportsbet.automationframework.testcases.HomePageTest@8f4ea7c]" started-at="2024-05-22T23:43:52 AEST" name="tearDown" finished-at="2024-05-22T23:43:52 AEST" duration-ms="318" status="PASS">
          <reporter-output>
          </reporter-output>
        </test-method> <!-- tearDown -->
      </class> <!-- com.sportsbet.automationframework.testcases.HomePageTest -->
    </test> <!-- Sportsbet Automation Test Cases -->
  </suite> <!-- Sportsbet Automation Challenge  -->
</testng-results>
