<?xml version="1.0" encoding="UTF-8"?>
<testng-results ignored="0" total="5" passed="5" failed="0" skipped="0">
  <reporter-output>
  </reporter-output>
  <suite started-at="2024-05-22T19:29:11 AEST" name="Sportsbet Automation Challenge " finished-at="2024-05-22T19:29:24 AEST" duration-ms="13585">
    <groups>
    </groups>
    <test started-at="2024-05-22T19:29:11 AEST" name="Sportsbet Automation Test Cases" finished-at="2024-05-22T19:29:24 AEST" duration-ms="13585">
      <class name="com.sportsbet.automationframework.testcases.HomePageTest">
        <test-method is-config="true" signature="setup()[pri:0, instance:com.sportsbet.automationframework.testcases.HomePageTest@8f4ea7c]" started-at="2024-05-22T19:29:11 AEST" name="setup" finished-at="2024-05-22T19:29:22 AEST" duration-ms="11006" status="PASS">
          <reporter-output>
          </reporter-output>
        </test-method> <!-- setup -->
        <test-method signature="verifyHomePageTitle()[pri:0, instance:com.sportsbet.automationframework.testcases.HomePageTest@8f4ea7c]" started-at="2024-05-22T19:29:22 AEST" name="verifyHomePageTitle" finished-at="2024-05-22T19:29:22 AEST" duration-ms="37" status="PASS">
          <reporter-output>
          </reporter-output>
        </test-method> <!-- verifyHomePageTitle -->
        <test-method is-config="true" signature="tearDown(org.testng.ITestResult)[pri:0, instance:com.sportsbet.automationframework.testcases.HomePageTest@8f4ea7c]" started-at="2024-05-22T19:29:22 AEST" name="tearDown" finished-at="2024-05-22T19:29:22 AEST" duration-ms="384" status="PASS">
          <params>
            <param index="0">
              <value>
                <![CDATA[[TestResult name=verifyHomePageTitle status=SUCCESS method=HomePageTest.verifyHomePageTitle()[pri:0, instance:com.sportsbet.automationframework.testcases.HomePageTest@8f4ea7c] output={null}]]]>
              </value>
            </param>
          </params>
          <reporter-output>
          </reporter-output>
        </test-method> <!-- tearDown -->
        <test-method signature="verifyRacingPage()[pri:2, instance:com.sportsbet.automationframework.testcases.HomePageTest@8f4ea7c]" started-at="2024-05-22T19:29:22 AEST" name="verifyRacingPage" finished-at="2024-05-22T19:29:22 AEST" duration-ms="116" status="PASS">
          <reporter-output>
          </reporter-output>
        </test-method> <!-- verifyRacingPage -->
        <test-method is-config="true" signature="tearDown(org.testng.ITestResult)[pri:0, instance:com.sportsbet.automationframework.testcases.HomePageTest@8f4ea7c]" started-at="2024-05-22T19:29:22 AEST" name="tearDown" finished-at="2024-05-22T19:29:22 AEST" duration-ms="13" status="PASS">
          <params>
            <param index="0">
              <value>
                <![CDATA[[TestResult name=verifyRacingPage status=SUCCESS method=HomePageTest.verifyRacingPage()[pri:2, instance:com.sportsbet.automationframework.testcases.HomePageTest@8f4ea7c] output={null}]]]>
              </value>
            </param>
          </params>
          <reporter-output>
          </reporter-output>
        </test-method> <!-- tearDown -->
        <test-method signature="selectFirstCardUnderNextToJump()[pri:3, instance:com.sportsbet.automationframework.testcases.HomePageTest@8f4ea7c]" started-at="2024-05-22T19:29:22 AEST" name="selectFirstCardUnderNextToJump" finished-at="2024-05-22T19:29:23 AEST" duration-ms="314" status="PASS">
          <reporter-output>
          </reporter-output>
        </test-method> <!-- selectFirstCardUnderNextToJump -->
        <test-method is-config="true" signature="tearDown(org.testng.ITestResult)[pri:0, instance:com.sportsbet.automationframework.testcases.HomePageTest@8f4ea7c]" started-at="2024-05-22T19:29:23 AEST" name="tearDown" finished-at="2024-05-22T19:29:23 AEST" duration-ms="21" status="PASS">
          <params>
            <param index="0">
              <value>
                <![CDATA[[TestResult name=selectFirstCardUnderNextToJump status=SUCCESS method=HomePageTest.selectFirstCardUnderNextToJump()[pri:3, instance:com.sportsbet.automationframework.testcases.HomePageTest@8f4ea7c] output={null}]]]>
              </value>
            </param>
          </params>
          <reporter-output>
          </reporter-output>
        </test-method> <!-- tearDown -->
        <test-method signature="selectTwoBetsTotheBetSlip()[pri:4, instance:com.sportsbet.automationframework.testcases.HomePageTest@8f4ea7c]" started-at="2024-05-22T19:29:23 AEST" name="selectTwoBetsTotheBetSlip" finished-at="2024-05-22T19:29:24 AEST" duration-ms="1144" status="PASS">
          <reporter-output>
          </reporter-output>
        </test-method> <!-- selectTwoBetsTotheBetSlip -->
        <test-method is-config="true" signature="tearDown(org.testng.ITestResult)[pri:0, instance:com.sportsbet.automationframework.testcases.HomePageTest@8f4ea7c]" started-at="2024-05-22T19:29:24 AEST" name="tearDown" finished-at="2024-05-22T19:29:24 AEST" duration-ms="21" status="PASS">
          <params>
            <param index="0">
              <value>
                <![CDATA[[TestResult name=selectTwoBetsTotheBetSlip status=SUCCESS method=HomePageTest.selectTwoBetsTotheBetSlip()[pri:4, instance:com.sportsbet.automationframework.testcases.HomePageTest@8f4ea7c] output={null}]]]>
              </value>
            </param>
          </params>
          <reporter-output>
          </reporter-output>
        </test-method> <!-- tearDown -->
        <test-method signature="verifyBetCountInBetSlip()[pri:5, instance:com.sportsbet.automationframework.testcases.HomePageTest@8f4ea7c]" started-at="2024-05-22T19:29:24 AEST" name="verifyBetCountInBetSlip" finished-at="2024-05-22T19:29:24 AEST" duration-ms="242" status="PASS">
          <reporter-output>
          </reporter-output>
        </test-method> <!-- verifyBetCountInBetSlip -->
        <test-method is-config="true" signature="tearDown(org.testng.ITestResult)[pri:0, instance:com.sportsbet.automationframework.testcases.HomePageTest@8f4ea7c]" started-at="2024-05-22T19:29:24 AEST" name="tearDown" finished-at="2024-05-22T19:29:24 AEST" duration-ms="14" status="PASS">
          <params>
            <param index="0">
              <value>
                <![CDATA[[TestResult name=verifyBetCountInBetSlip status=SUCCESS method=HomePageTest.verifyBetCountInBetSlip()[pri:5, instance:com.sportsbet.automationframework.testcases.HomePageTest@8f4ea7c] output={null}]]]>
              </value>
            </param>
          </params>
          <reporter-output>
          </reporter-output>
        </test-method> <!-- tearDown -->
        <test-method is-config="true" signature="tearDown()[pri:0, instance:com.sportsbet.automationframework.testcases.HomePageTest@8f4ea7c]" started-at="2024-05-22T19:29:24 AEST" name="tearDown" finished-at="2024-05-22T19:29:24 AEST" duration-ms="235" status="PASS">
          <reporter-output>
          </reporter-output>
        </test-method> <!-- tearDown -->
      </class> <!-- com.sportsbet.automationframework.testcases.HomePageTest -->
    </test> <!-- Sportsbet Automation Test Cases -->
  </suite> <!-- Sportsbet Automation Challenge  -->
</testng-results>
